[2024-06-15T10:15:33.319+0000] {local_task_job_runner.py:120} INFO - ::group::Pre task execution logs
[2024-06-15T10:15:33.336+0000] {taskinstance.py:2076} INFO - Dependencies all met for dep_context=non-requeueable deps ti=<TaskInstance: conditional_dataset_and_time_based_timetable.conditional_dataset_and_time_based_timetable manual__2024-06-15T10:15:31.682053+00:00 [queued]>
[2024-06-15T10:15:33.342+0000] {taskinstance.py:2076} INFO - Dependencies all met for dep_context=requeueable deps ti=<TaskInstance: conditional_dataset_and_time_based_timetable.conditional_dataset_and_time_based_timetable manual__2024-06-15T10:15:31.682053+00:00 [queued]>
[2024-06-15T10:15:33.342+0000] {taskinstance.py:2306} INFO - Starting attempt 1 of 1
[2024-06-15T10:15:33.356+0000] {taskinstance.py:2330} INFO - Executing <Task(BashOperator): conditional_dataset_and_time_based_timetable> on 2024-06-15 10:15:31.682053+00:00
[2024-06-15T10:15:33.362+0000] {standard_task_runner.py:90} INFO - Running: ['***', 'tasks', 'run', 'conditional_dataset_and_time_based_timetable', 'conditional_dataset_and_time_based_timetable', 'manual__2024-06-15T10:15:31.682053+00:00', '--job-id', '12', '--raw', '--subdir', '/home/***/.local/lib/python3.12/site-packages/***/example_dags/example_datasets.py', '--cfg-path', '/tmp/tmp2ywtb9_8']
[2024-06-15T10:15:33.364+0000] {standard_task_runner.py:91} INFO - Job 12: Subtask conditional_dataset_and_time_based_timetable
[2024-06-15T10:15:33.366+0000] {logging_mixin.py:188} WARNING - /home/***/.local/lib/python3.12/site-packages/***/task/task_runner/standard_task_runner.py:61 DeprecationWarning: This process (pid=968) is multi-threaded, use of fork() may lead to deadlocks in the child.
[2024-06-15T10:15:33.366+0000] {standard_task_runner.py:63} INFO - Started process 970 to run task
[2024-06-15T10:15:33.397+0000] {task_command.py:426} INFO - Running <TaskInstance: conditional_dataset_and_time_based_timetable.conditional_dataset_and_time_based_timetable manual__2024-06-15T10:15:31.682053+00:00 [running]> on host e8c84be79778
[2024-06-15T10:15:33.444+0000] {taskinstance.py:2648} INFO - Exporting env vars: AIRFLOW_CTX_DAG_OWNER='***' AIRFLOW_CTX_DAG_ID='conditional_dataset_and_time_based_timetable' AIRFLOW_CTX_TASK_ID='conditional_dataset_and_time_based_timetable' AIRFLOW_CTX_EXECUTION_DATE='2024-06-15T10:15:31.682053+00:00' AIRFLOW_CTX_TRY_NUMBER='1' AIRFLOW_CTX_DAG_RUN_ID='manual__2024-06-15T10:15:31.682053+00:00'
[2024-06-15T10:15:33.445+0000] {taskinstance.py:430} INFO - ::endgroup::
[2024-06-15T10:15:33.446+0000] {subprocess.py:63} INFO - Tmp dir root location: /tmp
[2024-06-15T10:15:33.446+0000] {subprocess.py:75} INFO - Running command: ['/usr/bin/bash', '-c', 'sleep 5']
[2024-06-15T10:15:33.453+0000] {subprocess.py:86} INFO - Output:
[2024-06-15T10:15:38.456+0000] {subprocess.py:97} INFO - Command exited with return code 0
[2024-06-15T10:15:38.456+0000] {taskinstance.py:441} INFO - ::group::Post task execution logs
[2024-06-15T10:15:38.475+0000] {taskinstance.py:1206} INFO - Marking task as SUCCESS. dag_id=conditional_dataset_and_time_based_timetable, task_id=conditional_dataset_and_time_based_timetable, run_id=manual__2024-06-15T10:15:31.682053+00:00, execution_date=20240615T101531, start_date=20240615T101533, end_date=20240615T101538
[2024-06-15T10:15:38.514+0000] {local_task_job_runner.py:240} INFO - Task exited with return code 0
[2024-06-15T10:15:38.523+0000] {taskinstance.py:3503} INFO - 0 downstream tasks scheduled from follow-on schedule check
[2024-06-15T10:15:38.525+0000] {local_task_job_runner.py:222} INFO - ::endgroup::
